build/app/intermediates/manifest_merge_blame_file/release/manifest-merger-blame-release-report.txt
1<?xml version="1.0" encoding="utf-8"?>
2<manifest xmlns:android="http://schemas.android.com/apk/res/android"
3    package="com.fitness.workouts.weightloss"
4    android:versionCode="1"
5    android:versionName="1.0.0" >
6
7    <uses-sdk
8        android:minSdkVersion="21"
8-->src/main/AndroidManifest.xml
9        android:targetSdkVersion="30" />
9-->src/main/AndroidManifest.xml
10
11    <uses-permission android:name="android.permission.INTERNET" />
11-->src/main/AndroidManifest.xml:5:5-67
11-->src/main/AndroidManifest.xml:5:22-64
12    <uses-permission android:name="android.permission.ACCESS_NETWORK_STATE" />
12-->src/main/AndroidManifest.xml:6:5-79
12-->src/main/AndroidManifest.xml:6:22-76
13    <uses-permission android:name="android.permission.WRITE_EXTERNAL_STORAGE" />
13-->src/main/AndroidManifest.xml:7:5-81
13-->src/main/AndroidManifest.xml:7:22-78
14    <uses-permission android:name="android.permission.READ_EXTERNAL_STORAGE" />
14-->src/main/AndroidManifest.xml:8:5-80
14-->src/main/AndroidManifest.xml:8:22-77
15    <uses-permission android:name="android.permission.RECEIVE_BOOT_COMPLETED" />
15-->[:flutter_local_notifications] AndroidManifest.xml:9:5-81
15-->[:flutter_local_notifications] AndroidManifest.xml:9:22-78
16    <uses-permission android:name="android.permission.VIBRATE" />
16-->[:flutter_local_notifications] AndroidManifest.xml:10:5-66
16-->[:flutter_local_notifications] AndroidManifest.xml:10:22-63
17    <uses-permission android:name="android.permission.USE_FULL_SCREEN_INTENT" />
17-->[:flutter_local_notifications] AndroidManifest.xml:11:5-81
17-->[:flutter_local_notifications] AndroidManifest.xml:11:22-78
18    <uses-permission android:name="android.permission.SCHEDULE_EXACT_ALARM" />
18-->[:flutter_local_notifications] AndroidManifest.xml:12:5-79
18-->[:flutter_local_notifications] AndroidManifest.xml:12:22-76
19
20    <queries>
20-->[:flutter_inappwebview] AndroidManifest.xml:9:5-13:15
21        <intent>
21-->[:flutter_inappwebview] AndroidManifest.xml:10:9-12:18
22            <action android:name="android.support.customtabs.action.CustomTabsService" />
22-->[:flutter_inappwebview] AndroidManifest.xml:11:13-90
22-->[:flutter_inappwebview] AndroidManifest.xml:11:21-87
23        </intent>
24        <intent>
24-->[:flutter_tts] AndroidManifest.xml:10:9-12:18
25            <action android:name="android.intent.action.TTS_SERVICE" />
25-->[:flutter_tts] AndroidManifest.xml:11:13-72
25-->[:flutter_tts] AndroidManifest.xml:11:21-69
26        </intent> <!-- For browser content -->
27        <intent>
27-->[com.google.android.gms:play-services-ads-lite:20.6.0] AndroidManifest.xml:31:9-37:18
28            <action android:name="android.intent.action.VIEW" />
28-->[com.google.firebase:firebase-auth:21.0.6] AndroidManifest.xml:34:17-69
28-->[com.google.firebase:firebase-auth:21.0.6] AndroidManifest.xml:34:25-66
29
30            <category android:name="android.intent.category.BROWSABLE" />
30-->[com.google.firebase:firebase-auth:21.0.6] AndroidManifest.xml:37:17-78
30-->[com.google.firebase:firebase-auth:21.0.6] AndroidManifest.xml:37:27-75
31
32            <data android:scheme="https" />
32-->[com.google.firebase:firebase-auth:21.0.6] AndroidManifest.xml:39:17-42:51
32-->[com.google.firebase:firebase-auth:21.0.6] AndroidManifest.xml:42:21-48
33        </intent>
34    </queries>
35
36    <uses-permission android:name="com.google.android.gms.permission.AD_ID" />
36-->[com.google.android.gms:play-services-ads-lite:20.6.0] AndroidManifest.xml:25:5-79
36-->[com.google.android.gms:play-services-ads-lite:20.6.0] AndroidManifest.xml:25:22-76
37    <uses-permission android:name="android.permission.WAKE_LOCK" />
37-->[com.google.android.gms:play-services-measurement-sdk-api:18.0.3] AndroidManifest.xml:25:5-68
37-->[com.google.android.gms:play-services-measurement-sdk-api:18.0.3] AndroidManifest.xml:25:22-65
38    <uses-permission android:name="android.permission.FOREGROUND_SERVICE" />
38-->[androidx.work:work-runtime:2.7.0] AndroidManifest.xml:28:5-77
38-->[androidx.work:work-runtime:2.7.0] AndroidManifest.xml:28:22-74
39
40    <application
41        android:name="android.app.Application"
41-->src/main/AndroidManifest.xml:11:9-42
42        android:allowBackup="false"
42-->src/main/AndroidManifest.xml:12:9-36
43        android:appComponentFactory="androidx.core.app.CoreComponentFactory"
43-->[androidx.core:core:1.7.0] AndroidManifest.xml:24:18-86
44        android:fullBackupContent="false"
44-->src/main/AndroidManifest.xml:13:9-42
45        android:icon="@mipmap/ic_launcher"
45-->src/main/AndroidManifest.xml:14:9-43
46        android:label="Agility Hub"
46-->src/main/AndroidManifest.xml:15:9-36
47        android:requestLegacyExternalStorage="true"
47-->src/main/AndroidManifest.xml:17:9-52
48        android:roundIcon="@mipmap/ic_launcher_round"
48-->src/main/AndroidManifest.xml:18:9-54
49        android:supportsRtl="false" >
49-->src/main/AndroidManifest.xml:16:9-36
50        <activity
50-->src/main/AndroidManifest.xml:22:9-47:20
51            android:name="com.fitness.workouts.weightloss.MainActivity"
51-->src/main/AndroidManifest.xml:23:13-41
52            android:configChanges="orientation|keyboardHidden|keyboard|screenSize|smallestScreenSize|locale|layoutDirection|fontScale|screenLayout|density|uiMode"
52-->src/main/AndroidManifest.xml:24:13-163
53            android:exported="true"
53-->src/main/AndroidManifest.xml:25:13-36
54            android:hardwareAccelerated="true"
54-->src/main/AndroidManifest.xml:26:13-47
55            android:launchMode="singleTop"
55-->src/main/AndroidManifest.xml:27:13-43
56            android:screenOrientation="portrait"
56-->src/main/AndroidManifest.xml:28:13-49
57            android:theme="@style/LaunchTheme"
57-->src/main/AndroidManifest.xml:29:13-47
58            android:windowSoftInputMode="stateHidden|stateAlwaysHidden|adjustPan" >
58-->src/main/AndroidManifest.xml:30:13-82
59
60            <!--
61                 Specifies an Android theme to apply to this Activity as soon as
62                 the Android process has started. This theme is visible to the user
63                 while the Flutter UI initializes. After that, this theme continues
64                 to determine the Window background behind the Flutter UI.
65            -->
66            <meta-data
66-->src/main/AndroidManifest.xml:35:13-37:57
67                android:name="io.flutter.embedding.android.NormalTheme"
67-->src/main/AndroidManifest.xml:36:17-72
68                android:resource="@style/NormalTheme" />
68-->src/main/AndroidManifest.xml:37:17-54
69            <meta-data
69-->src/main/AndroidManifest.xml:39:13-41:55
70                android:name="io.flutter.embedding.android.SplashScreenDrawable"
70-->src/main/AndroidManifest.xml:40:17-81
71                android:resource="@mipmap/ic_splash" />
71-->src/main/AndroidManifest.xml:41:17-53
72
73            <intent-filter>
73-->src/main/AndroidManifest.xml:43:13-46:29
74                <action android:name="android.intent.action.MAIN" />
74-->src/main/AndroidManifest.xml:44:17-69
74-->src/main/AndroidManifest.xml:44:25-66
75
76                <category android:name="android.intent.category.LAUNCHER" />
76-->src/main/AndroidManifest.xml:45:17-77
76-->src/main/AndroidManifest.xml:45:27-74
77            </intent-filter>
78        </activity>
79        <!--
80             Don't delete the meta-data below.
81             This is used by the Flutter tool to generate GeneratedPluginRegistrant.java
82        -->
83        <meta-data
83-->src/main/AndroidManifest.xml:50:9-52:33
84            android:name="flutterEmbedding"
84-->src/main/AndroidManifest.xml:51:13-44
85            android:value="2" />
85-->src/main/AndroidManifest.xml:52:13-30
86        <meta-data
86-->src/main/AndroidManifest.xml:53:9-55:69
87            android:name="com.google.android.gms.ads.APPLICATION_ID"
87-->src/main/AndroidManifest.xml:54:13-69
88            android:value="ca-app-pub-3940256099942544~1458002511" />
88-->src/main/AndroidManifest.xml:55:13-67
89
90        <service
90-->[:cloud_firestore] AndroidManifest.xml:10:9-14:19
91            android:name="com.google.firebase.components.ComponentDiscoveryService"
91-->[:cloud_firestore] AndroidManifest.xml:10:18-89
92            android:directBootAware="true"
92-->[com.google.firebase:firebase-common:20.1.1] AndroidManifest.xml:35:13-43
93            android:exported="false" >
93-->[com.google.firebase:firebase-auth-ktx:21.0.6] AndroidManifest.xml:10:13-37
94            <meta-data
94-->[:cloud_firestore] AndroidManifest.xml:11:13-13:85
95                android:name="com.google.firebase.components:io.flutter.plugins.firebase.firestore.FlutterFirebaseFirestoreRegistrar"
95-->[:cloud_firestore] AndroidManifest.xml:12:17-134
96                android:value="com.google.firebase.components.ComponentRegistrar" />
96-->[:cloud_firestore] AndroidManifest.xml:13:17-82
97            <meta-data
97-->[:firebase_auth] AndroidManifest.xml:11:13-13:85
98                android:name="com.google.firebase.components:io.flutter.plugins.firebase.auth.FlutterFirebaseAuthRegistrar"
98-->[:firebase_auth] AndroidManifest.xml:12:17-124
99                android:value="com.google.firebase.components.ComponentRegistrar" />
99-->[:firebase_auth] AndroidManifest.xml:13:17-82
100            <meta-data
100-->[:firebase_core] AndroidManifest.xml:11:13-13:85
101                android:name="com.google.firebase.components:io.flutter.plugins.firebase.core.FlutterFirebaseCoreRegistrar"
101-->[:firebase_core] AndroidManifest.xml:12:17-124
102                android:value="com.google.firebase.components.ComponentRegistrar" />
102-->[:firebase_core] AndroidManifest.xml:13:17-82
103            <meta-data
103-->[com.google.firebase:firebase-auth-ktx:21.0.6] AndroidManifest.xml:11:13-13:85
104                android:name="com.google.firebase.components:com.google.firebase.auth.ktx.FirebaseAuthKtxRegistrar"
104-->[com.google.firebase:firebase-auth-ktx:21.0.6] AndroidManifest.xml:12:17-116
105                android:value="com.google.firebase.components.ComponentRegistrar" />
105-->[com.google.firebase:firebase-auth-ktx:21.0.6] AndroidManifest.xml:13:17-82
106            <meta-data
106-->[com.google.firebase:firebase-firestore-ktx:24.2.1] AndroidManifest.xml:15:13-17:85
107                android:name="com.google.firebase.components:com.google.firebase.firestore.ktx.FirebaseFirestoreKtxRegistrar"
107-->[com.google.firebase:firebase-firestore-ktx:24.2.1] AndroidManifest.xml:16:17-126
108                android:value="com.google.firebase.components.ComponentRegistrar" />
108-->[com.google.firebase:firebase-firestore-ktx:24.2.1] AndroidManifest.xml:17:17-82
109            <meta-data
109-->[com.google.firebase:firebase-common-ktx:20.1.1] AndroidManifest.xml:15:13-17:85
110                android:name="com.google.firebase.components:com.google.firebase.ktx.FirebaseCommonKtxRegistrar"
110-->[com.google.firebase:firebase-common-ktx:20.1.1] AndroidManifest.xml:16:17-113
111                android:value="com.google.firebase.components.ComponentRegistrar" />
111-->[com.google.firebase:firebase-common-ktx:20.1.1] AndroidManifest.xml:17:17-82
112            <meta-data
112-->[com.google.firebase:firebase-auth:21.0.6] AndroidManifest.xml:67:13-69:85
113                android:name="com.google.firebase.components:com.google.firebase.auth.FirebaseAuthRegistrar"
113-->[com.google.firebase:firebase-auth:21.0.6] AndroidManifest.xml:68:17-109
114                android:value="com.google.firebase.components.ComponentRegistrar" />
114-->[com.google.firebase:firebase-auth:21.0.6] AndroidManifest.xml:69:17-82
115            <meta-data
115-->[com.google.firebase:firebase-firestore:24.2.1] AndroidManifest.xml:20:13-22:85
116                android:name="com.google.firebase.components:com.google.firebase.firestore.FirestoreRegistrar"
116-->[com.google.firebase:firebase-firestore:24.2.1] AndroidManifest.xml:21:17-111
117                android:value="com.google.firebase.components.ComponentRegistrar" />
117-->[com.google.firebase:firebase-firestore:24.2.1] AndroidManifest.xml:22:17-82
118        </service>
119
120        <receiver
120-->[:flutter_local_notifications] AndroidManifest.xml:15:9-17:40
121            android:name="com.dexterous.flutterlocalnotifications.ScheduledNotificationReceiver"
121-->[:flutter_local_notifications] AndroidManifest.xml:16:13-97
122            android:exported="false" />
122-->[:flutter_local_notifications] AndroidManifest.xml:17:13-37
123        <receiver
123-->[:flutter_local_notifications] AndroidManifest.xml:18:9-27:20
124            android:name="com.dexterous.flutterlocalnotifications.ScheduledNotificationBootReceiver"
124-->[:flutter_local_notifications] AndroidManifest.xml:19:13-101
125            android:exported="false" >
125-->[:flutter_local_notifications] AndroidManifest.xml:20:13-37
126            <intent-filter>
126-->[:flutter_local_notifications] AndroidManifest.xml:21:13-26:29
127                <action android:name="android.intent.action.BOOT_COMPLETED" />
127-->[:flutter_local_notifications] AndroidManifest.xml:22:17-79
127-->[:flutter_local_notifications] AndroidManifest.xml:22:25-76
128                <action android:name="android.intent.action.MY_PACKAGE_REPLACED" />
128-->[:flutter_local_notifications] AndroidManifest.xml:23:17-84
128-->[:flutter_local_notifications] AndroidManifest.xml:23:25-81
129                <action android:name="android.intent.action.QUICKBOOT_POWERON" />
129-->[:flutter_local_notifications] AndroidManifest.xml:24:17-82
129-->[:flutter_local_notifications] AndroidManifest.xml:24:25-79
130                <action android:name="com.htc.intent.action.QUICKBOOT_POWERON" />
130-->[:flutter_local_notifications] AndroidManifest.xml:25:17-82
130-->[:flutter_local_notifications] AndroidManifest.xml:25:25-79
131            </intent-filter>
132        </receiver>
133
134        <activity
134-->[:url_launcher_android] AndroidManifest.xml:10:9-13:74
135            android:name="io.flutter.plugins.urllauncher.WebViewActivity"
135-->[:url_launcher_android] AndroidManifest.xml:11:13-74
136            android:exported="false"
136-->[:url_launcher_android] AndroidManifest.xml:12:13-37
137            android:theme="@android:style/Theme.NoTitleBar.Fullscreen" />
137-->[:url_launcher_android] AndroidManifest.xml:13:13-71
138        <activity
138-->[:flutter_inappwebview] AndroidManifest.xml:16:9-20:47
139            android:name="com.pichillilorenzo.flutter_inappwebview.in_app_browser.InAppBrowserActivity"
139-->[:flutter_inappwebview] AndroidManifest.xml:17:13-104
140            android:configChanges="orientation|keyboardHidden|keyboard|screenSize|locale|layoutDirection|fontScale|screenLayout|density"
140-->[:flutter_inappwebview] AndroidManifest.xml:18:13-137
141            android:exported="true"
141-->[:flutter_inappwebview] AndroidManifest.xml:19:13-36
142            android:theme="@style/AppTheme" />
142-->[:flutter_inappwebview] AndroidManifest.xml:20:13-44
143        <activity
143-->[:flutter_inappwebview] AndroidManifest.xml:21:9-24:55
144            android:name="com.pichillilorenzo.flutter_inappwebview.chrome_custom_tabs.ChromeCustomTabsActivity"
144-->[:flutter_inappwebview] AndroidManifest.xml:22:13-112
145            android:exported="true"
145-->[:flutter_inappwebview] AndroidManifest.xml:23:13-36
146            android:theme="@style/ThemeTransparent" />
146-->[:flutter_inappwebview] AndroidManifest.xml:24:13-52
147        <activity
147-->[:flutter_inappwebview] AndroidManifest.xml:25:9-28:55
148            android:name="com.pichillilorenzo.flutter_inappwebview.chrome_custom_tabs.TrustedWebActivity"
148-->[:flutter_inappwebview] AndroidManifest.xml:26:13-106
149            android:exported="true"
149-->[:flutter_inappwebview] AndroidManifest.xml:27:13-36
150            android:theme="@style/ThemeTransparent" />
150-->[:flutter_inappwebview] AndroidManifest.xml:28:13-52
151        <activity
151-->[:flutter_inappwebview] AndroidManifest.xml:29:9-33:55
152            android:name="com.pichillilorenzo.flutter_inappwebview.chrome_custom_tabs.ChromeCustomTabsActivitySingleInstance"
152-->[:flutter_inappwebview] AndroidManifest.xml:30:13-126
153            android:exported="true"
153-->[:flutter_inappwebview] AndroidManifest.xml:31:13-36
154            android:launchMode="singleInstance"
154-->[:flutter_inappwebview] AndroidManifest.xml:32:13-48
155            android:theme="@style/ThemeTransparent" />
155-->[:flutter_inappwebview] AndroidManifest.xml:33:13-52
156        <activity
156-->[:flutter_inappwebview] AndroidManifest.xml:34:9-38:55
157            android:name="com.pichillilorenzo.flutter_inappwebview.chrome_custom_tabs.TrustedWebActivitySingleInstance"
157-->[:flutter_inappwebview] AndroidManifest.xml:35:13-120
158            android:exported="true"
158-->[:flutter_inappwebview] AndroidManifest.xml:36:13-36
159            android:launchMode="singleInstance"
159-->[:flutter_inappwebview] AndroidManifest.xml:37:13-48
160            android:theme="@style/ThemeTransparent" />
160-->[:flutter_inappwebview] AndroidManifest.xml:38:13-52
161
162        <receiver
162-->[:flutter_inappwebview] AndroidManifest.xml:40:9-43:40
163            android:name="com.pichillilorenzo.flutter_inappwebview.chrome_custom_tabs.ActionBroadcastReceiver"
163-->[:flutter_inappwebview] AndroidManifest.xml:41:13-111
164            android:enabled="true"
164-->[:flutter_inappwebview] AndroidManifest.xml:42:13-35
165            android:exported="false" />
165-->[:flutter_inappwebview] AndroidManifest.xml:43:13-37
166
167        <meta-data
167-->[:flutter_inappwebview] AndroidManifest.xml:45:9-47:36
168            android:name="io.flutter.embedded_views_preview"
168-->[:flutter_inappwebview] AndroidManifest.xml:46:13-61
169            android:value="true" />
169-->[:flutter_inappwebview] AndroidManifest.xml:47:13-33
170
171        <provider
171-->[:share_plus] AndroidManifest.xml:10:9-18:20
172            android:name="dev.fluttercommunity.plus.share.ShareFileProvider"
172-->[:share_plus] AndroidManifest.xml:11:13-77
173            android:authorities="com.fitness.workouts.weightloss.flutter.share_provider"
173-->[:share_plus] AndroidManifest.xml:12:13-74
174            android:exported="false"
174-->[:share_plus] AndroidManifest.xml:13:13-37
175            android:grantUriPermissions="true" >
175-->[:share_plus] AndroidManifest.xml:14:13-47
176            <meta-data
176-->[:share_plus] AndroidManifest.xml:15:13-17:68
177                android:name="android.support.FILE_PROVIDER_PATHS"
177-->[:share_plus] AndroidManifest.xml:16:17-67
178                android:resource="@xml/flutter_share_file_paths" />
178-->[:share_plus] AndroidManifest.xml:17:17-65
179        </provider>
180
181        <uses-library
181-->[androidx.window:window:1.0.0-beta04] AndroidManifest.xml:25:9-27:40
182            android:name="androidx.window.extensions"
182-->[androidx.window:window:1.0.0-beta04] AndroidManifest.xml:26:13-54
183            android:required="false" />
183-->[androidx.window:window:1.0.0-beta04] AndroidManifest.xml:27:13-37
184        <uses-library
184-->[androidx.window:window:1.0.0-beta04] AndroidManifest.xml:28:9-30:40
185            android:name="androidx.window.sidecar"
185-->[androidx.window:window:1.0.0-beta04] AndroidManifest.xml:29:13-51
186            android:required="false" />
186-->[androidx.window:window:1.0.0-beta04] AndroidManifest.xml:30:13-37
187
188        <activity
188-->[com.google.firebase:firebase-auth:21.0.6] AndroidManifest.xml:27:9-44:20
189            android:name="com.google.firebase.auth.internal.GenericIdpActivity"
189-->[com.google.firebase:firebase-auth:21.0.6] AndroidManifest.xml:28:13-80
190            android:excludeFromRecents="true"
190-->[com.google.firebase:firebase-auth:21.0.6] AndroidManifest.xml:29:13-46
191            android:exported="true"
191-->[com.google.firebase:firebase-auth:21.0.6] AndroidManifest.xml:30:13-36
192            android:launchMode="singleTask"
192-->[com.google.firebase:firebase-auth:21.0.6] AndroidManifest.xml:31:13-44
193            android:theme="@android:style/Theme.Translucent.NoTitleBar" >
193-->[com.google.firebase:firebase-auth:21.0.6] AndroidManifest.xml:32:13-72
194            <intent-filter>
194-->[com.google.firebase:firebase-auth:21.0.6] AndroidManifest.xml:33:13-43:29
195                <action android:name="android.intent.action.VIEW" />
195-->[com.google.firebase:firebase-auth:21.0.6] AndroidManifest.xml:34:17-69
195-->[com.google.firebase:firebase-auth:21.0.6] AndroidManifest.xml:34:25-66
196
197                <category android:name="android.intent.category.DEFAULT" />
197-->[com.google.firebase:firebase-auth:21.0.6] AndroidManifest.xml:36:17-76
197-->[com.google.firebase:firebase-auth:21.0.6] AndroidManifest.xml:36:27-73
198                <category android:name="android.intent.category.BROWSABLE" />
198-->[com.google.firebase:firebase-auth:21.0.6] AndroidManifest.xml:37:17-78
198-->[com.google.firebase:firebase-auth:21.0.6] AndroidManifest.xml:37:27-75
199
200                <data
200-->[com.google.firebase:firebase-auth:21.0.6] AndroidManifest.xml:39:17-42:51
201                    android:host="firebase.auth"
201-->[com.google.firebase:firebase-auth:21.0.6] AndroidManifest.xml:40:21-49
202                    android:path="/"
202-->[com.google.firebase:firebase-auth:21.0.6] AndroidManifest.xml:41:21-37
203                    android:scheme="genericidp" />
203-->[com.google.firebase:firebase-auth:21.0.6] AndroidManifest.xml:42:21-48
204            </intent-filter>
205        </activity>
206        <activity
206-->[com.google.firebase:firebase-auth:21.0.6] AndroidManifest.xml:45:9-62:20
207            android:name="com.google.firebase.auth.internal.RecaptchaActivity"
207-->[com.google.firebase:firebase-auth:21.0.6] AndroidManifest.xml:46:13-79
208            android:excludeFromRecents="true"
208-->[com.google.firebase:firebase-auth:21.0.6] AndroidManifest.xml:47:13-46
209            android:exported="true"
209-->[com.google.firebase:firebase-auth:21.0.6] AndroidManifest.xml:48:13-36
210            android:launchMode="singleTask"
210-->[com.google.firebase:firebase-auth:21.0.6] AndroidManifest.xml:49:13-44
211            android:theme="@android:style/Theme.Translucent.NoTitleBar" >
211-->[com.google.firebase:firebase-auth:21.0.6] AndroidManifest.xml:50:13-72
212            <intent-filter>
212-->[com.google.firebase:firebase-auth:21.0.6] AndroidManifest.xml:51:13-61:29
213                <action android:name="android.intent.action.VIEW" />
213-->[com.google.firebase:firebase-auth:21.0.6] AndroidManifest.xml:34:17-69
213-->[com.google.firebase:firebase-auth:21.0.6] AndroidManifest.xml:34:25-66
214
215                <category android:name="android.intent.category.DEFAULT" />
215-->[com.google.firebase:firebase-auth:21.0.6] AndroidManifest.xml:36:17-76
215-->[com.google.firebase:firebase-auth:21.0.6] AndroidManifest.xml:36:27-73
216                <category android:name="android.intent.category.BROWSABLE" />
216-->[com.google.firebase:firebase-auth:21.0.6] AndroidManifest.xml:37:17-78
216-->[com.google.firebase:firebase-auth:21.0.6] AndroidManifest.xml:37:27-75
217
218                <data
218-->[com.google.firebase:firebase-auth:21.0.6] AndroidManifest.xml:39:17-42:51
219                    android:host="firebase.auth"
219-->[com.google.firebase:firebase-auth:21.0.6] AndroidManifest.xml:40:21-49
220                    android:path="/"
220-->[com.google.firebase:firebase-auth:21.0.6] AndroidManifest.xml:41:21-37
221                    android:scheme="recaptcha" />
221-->[com.google.firebase:firebase-auth:21.0.6] AndroidManifest.xml:42:21-48
222            </intent-filter>
223        </activity>
224
225        <provider
225-->[com.google.firebase:firebase-common:20.1.1] AndroidManifest.xml:26:9-31:39
226            android:name="com.google.firebase.provider.FirebaseInitProvider"
226-->[com.google.firebase:firebase-common:20.1.1] AndroidManifest.xml:27:13-77
227            android:authorities="com.fitness.workouts.weightloss.firebaseinitprovider"
227-->[com.google.firebase:firebase-common:20.1.1] AndroidManifest.xml:28:13-72
228            android:directBootAware="true"
228-->[com.google.firebase:firebase-common:20.1.1] AndroidManifest.xml:29:13-43
229            android:exported="false"
229-->[com.google.firebase:firebase-common:20.1.1] AndroidManifest.xml:30:13-37
230            android:initOrder="100" />
230-->[com.google.firebase:firebase-common:20.1.1] AndroidManifest.xml:31:13-36
231
232        <activity
232-->[com.google.android.gms:play-services-auth:20.0.1] AndroidManifest.xml:23:9-27:75
233            android:name="com.google.android.gms.auth.api.signin.internal.SignInHubActivity"
233-->[com.google.android.gms:play-services-auth:20.0.1] AndroidManifest.xml:24:13-93
234            android:excludeFromRecents="true"
234-->[com.google.android.gms:play-services-auth:20.0.1] AndroidManifest.xml:25:13-46
235            android:exported="false"
235-->[com.google.android.gms:play-services-auth:20.0.1] AndroidManifest.xml:26:13-37
236            android:theme="@android:style/Theme.Translucent.NoTitleBar" />
236-->[com.google.android.gms:play-services-auth:20.0.1] AndroidManifest.xml:27:13-72
237        <!--
238            Service handling Google Sign-In user revocation. For apps that do not integrate with
239            Google Sign-In, this service will never be started.
240        -->
241        <service
241-->[com.google.android.gms:play-services-auth:20.0.1] AndroidManifest.xml:33:9-37:51
242            android:name="com.google.android.gms.auth.api.signin.RevocationBoundService"
242-->[com.google.android.gms:play-services-auth:20.0.1] AndroidManifest.xml:34:13-89
243            android:exported="true"
243-->[com.google.android.gms:play-services-auth:20.0.1] AndroidManifest.xml:35:13-36
244            android:permission="com.google.android.gms.auth.api.signin.permission.REVOCATION_NOTIFICATION"
244-->[com.google.android.gms:play-services-auth:20.0.1] AndroidManifest.xml:36:13-107
245            android:visibleToInstantApps="true" />
245-->[com.google.android.gms:play-services-auth:20.0.1] AndroidManifest.xml:37:13-48
246
247        <activity
247-->[com.google.android.gms:play-services-base:18.0.1] AndroidManifest.xml:20:9-22:45
248            android:name="com.google.android.gms.common.api.GoogleApiActivity"
248-->[com.google.android.gms:play-services-base:18.0.1] AndroidManifest.xml:20:19-85
249            android:exported="false"
249-->[com.google.android.gms:play-services-base:18.0.1] AndroidManifest.xml:22:19-43
250            android:theme="@android:style/Theme.Translucent.NoTitleBar" /> <!-- Include the AdActivity and InAppPurchaseActivity configChanges and themes. -->
250-->[com.google.android.gms:play-services-base:18.0.1] AndroidManifest.xml:21:19-78
251        <activity
251-->[com.google.android.gms:play-services-ads-lite:20.6.0] AndroidManifest.xml:49:9-53:64
252            android:name="com.google.android.gms.ads.AdActivity"
252-->[com.google.android.gms:play-services-ads-lite:20.6.0] AndroidManifest.xml:50:13-65
253            android:configChanges="keyboard|keyboardHidden|orientation|screenLayout|uiMode|screenSize|smallestScreenSize"
253-->[com.google.android.gms:play-services-ads-lite:20.6.0] AndroidManifest.xml:51:13-122
254            android:exported="false"
254-->[com.google.android.gms:play-services-ads-lite:20.6.0] AndroidManifest.xml:52:13-37
255            android:theme="@android:style/Theme.Translucent" />
255-->[com.google.android.gms:play-services-ads-lite:20.6.0] AndroidManifest.xml:53:13-61
256
257        <provider
257-->[com.google.android.gms:play-services-ads-lite:20.6.0] AndroidManifest.xml:55:9-59:39
258            android:name="com.google.android.gms.ads.MobileAdsInitProvider"
258-->[com.google.android.gms:play-services-ads-lite:20.6.0] AndroidManifest.xml:56:13-76
259            android:authorities="com.fitness.workouts.weightloss.mobileadsinitprovider"
259-->[com.google.android.gms:play-services-ads-lite:20.6.0] AndroidManifest.xml:57:13-73
260            android:exported="false"
260-->[com.google.android.gms:play-services-ads-lite:20.6.0] AndroidManifest.xml:58:13-37
261            android:initOrder="100" />
261-->[com.google.android.gms:play-services-ads-lite:20.6.0] AndroidManifest.xml:59:13-36
262
263        <service
263-->[com.google.android.gms:play-services-ads-lite:20.6.0] AndroidManifest.xml:61:9-64:40
264            android:name="com.google.android.gms.ads.AdService"
264-->[com.google.android.gms:play-services-ads-lite:20.6.0] AndroidManifest.xml:62:13-64
265            android:enabled="true"
265-->[com.google.android.gms:play-services-ads-lite:20.6.0] AndroidManifest.xml:63:13-35
266            android:exported="false" />
266-->[com.google.android.gms:play-services-ads-lite:20.6.0] AndroidManifest.xml:64:13-37
267
268        <meta-data
268-->[com.google.android.gms:play-services-basement:18.0.0] AndroidManifest.xml:21:9-23:69
269            android:name="com.google.android.gms.version"
269-->[com.google.android.gms:play-services-basement:18.0.0] AndroidManifest.xml:22:13-58
270            android:value="@integer/google_play_services_version" />
270-->[com.google.android.gms:play-services-basement:18.0.0] AndroidManifest.xml:23:13-66
271
272        <provider
272-->[androidx.emoji2:emoji2:1.0.0] AndroidManifest.xml:26:9-34:20
273            android:name="androidx.startup.InitializationProvider"
273-->[androidx.emoji2:emoji2:1.0.0] AndroidManifest.xml:27:13-67
274            android:authorities="com.fitness.workouts.weightloss.androidx-startup"
274-->[androidx.emoji2:emoji2:1.0.0] AndroidManifest.xml:28:13-68
275            android:exported="false" >
275-->[androidx.emoji2:emoji2:1.0.0] AndroidManifest.xml:29:13-37
276            <meta-data
276-->[androidx.emoji2:emoji2:1.0.0] AndroidManifest.xml:31:13-33:52